<?xml version="1.0" encoding="UTF-8"?>
<testsuite name="net.gll.test.gll.test.TestRunner" time="29.929" tests="138" errors="4" skipped="6" failures="0">
  <properties>
    <property name="java.runtime.name" value="Java(TM) SE Runtime Environment"/>
    <property name="sun.boot.library.path" value="C:\Program Files\Java\jdk1.8.0_111\jre\bin"/>
    <property name="java.vm.version" value="25.111-b14"/>
    <property name="user.country.format" value="LK"/>
    <property name="java.vm.vendor" value="Oracle Corporation"/>
    <property name="maven.multiModuleProjectDirectory" value="C:\Users\Osura Liyanage\git\GLL-Test-Master"/>
    <property name="java.vendor.url" value="http://java.oracle.com/"/>
    <property name="path.separator" value=";"/>
    <property name="guice.disable.misplaced.annotation.check" value="true"/>
    <property name="java.vm.name" value="Java HotSpot(TM) 64-Bit Server VM"/>
    <property name="file.encoding.pkg" value="sun.io"/>
    <property name="user.script" value=""/>
    <property name="user.country" value="US"/>
    <property name="sun.java.launcher" value="SUN_STANDARD"/>
    <property name="sun.os.patch.level" value="Service Pack 1"/>
    <property name="java.vm.specification.name" value="Java Virtual Machine Specification"/>
    <property name="user.dir" value="C:\Users\Osura Liyanage\git\GLL-Test-Master"/>
    <property name="java.runtime.version" value="1.8.0_111-b14"/>
    <property name="java.awt.graphicsenv" value="sun.awt.Win32GraphicsEnvironment"/>
    <property name="java.endorsed.dirs" value="C:\Program Files\Java\jdk1.8.0_111\jre\lib\endorsed"/>
    <property name="os.arch" value="amd64"/>
    <property name="java.io.tmpdir" value="C:\Users\OSURAL~1\AppData\Local\Temp\"/>
    <property name="line.separator" value="&#10;"/>
    <property name="java.vm.specification.vendor" value="Oracle Corporation"/>
    <property name="user.variant" value=""/>
    <property name="os.name" value="Windows 7"/>
    <property name="classworlds.conf" value="C:\Users\Osura Liyanage\workspace\GLL\.metadata\.plugins\org.eclipse.m2e.launching\launches\m2conf184693490357730226.tmp"/>
    <property name="sun.jnu.encoding" value="Cp1252"/>
    <property name="java.library.path" value="C:\Program Files\Java\jdk1.8.0_111\bin;C:\Windows\Sun\Java\bin;C:\Windows\system32;C:\Windows;C:/Program Files/Java/jre1.8.0_111/bin/server;C:/Program Files/Java/jre1.8.0_111/bin;C:/Program Files/Java/jre1.8.0_111/lib/amd64;C:\ProgramData\Oracle\Java\javapath;C:\Program Files\Broadcom\Broadcom 802.11;;C:\Windows\system32;C:\Windows;C:\Windows\System32\Wbem;C:\Windows\System32\WindowsPowerShell\v1.0\;C:\Program Files\Intel\WiFi\bin\;C:\Program Files\Common Files\Intel\WirelessCommon\;C:\Program Files\Intel\WiFi\bin\;C:\Program Files\Common Files\Intel\WirelessCommon\;D:\Softwares\eclipse-jee-neon-R-win32-x86_64\eclipse;;."/>
    <property name="java.specification.name" value="Java Platform API Specification"/>
    <property name="java.class.version" value="52.0"/>
    <property name="sun.management.compiler" value="HotSpot 64-Bit Tiered Compilers"/>
    <property name="os.version" value="6.1"/>
    <property name="user.home" value="C:\Users\Osura Liyanage"/>
    <property name="user.timezone" value="Asia/Colombo"/>
    <property name="java.awt.printerjob" value="sun.awt.windows.WPrinterJob"/>
    <property name="java.specification.version" value="1.8"/>
    <property name="file.encoding" value="Cp1252"/>
    <property name="user.name" value="Osura Liyanage"/>
    <property name="java.class.path" value="/D:/Softwares/eclipse-jee-neon-R-win32-x86_64/eclipse/plugins/org.eclipse.m2e.maven.runtime_1.7.0.20160603-1931/jars/plexus-classworlds-2.5.2.jar"/>
    <property name="java.vm.specification.version" value="1.8"/>
    <property name="sun.arch.data.model" value="64"/>
    <property name="java.home" value="C:\Program Files\Java\jdk1.8.0_111\jre"/>
    <property name="sun.java.command" value="org.codehaus.plexus.classworlds.launcher.Launcher -B install"/>
    <property name="java.specification.vendor" value="Oracle Corporation"/>
    <property name="user.language" value="en"/>
    <property name="user.language.format" value="si"/>
    <property name="awt.toolkit" value="sun.awt.windows.WToolkit"/>
    <property name="java.vm.info" value="mixed mode"/>
    <property name="java.version" value="1.8.0_111"/>
    <property name="java.ext.dirs" value="C:\Program Files\Java\jdk1.8.0_111\jre\lib\ext;C:\Windows\Sun\Java\lib\ext"/>
    <property name="sun.boot.class.path" value="C:\Program Files\Java\jdk1.8.0_111\jre\lib\resources.jar;C:\Program Files\Java\jdk1.8.0_111\jre\lib\rt.jar;C:\Program Files\Java\jdk1.8.0_111\jre\lib\sunrsasign.jar;C:\Program Files\Java\jdk1.8.0_111\jre\lib\jsse.jar;C:\Program Files\Java\jdk1.8.0_111\jre\lib\jce.jar;C:\Program Files\Java\jdk1.8.0_111\jre\lib\charsets.jar;C:\Program Files\Java\jdk1.8.0_111\jre\lib\jfr.jar;C:\Program Files\Java\jdk1.8.0_111\jre\classes"/>
    <property name="java.vendor" value="Oracle Corporation"/>
    <property name="maven.home" value="C:\Users\Osura Liyanage\git\GLL-Test-Master\EMBEDDED"/>
    <property name="file.separator" value="\"/>
    <property name="java.vendor.url.bug" value="http://bugreport.sun.com/bugreport/"/>
    <property name="sun.cpu.endian" value="little"/>
    <property name="sun.io.unicode.encoding" value="UnicodeLittle"/>
    <property name="sun.desktop" value="windows"/>
    <property name="sun.cpu.isalist" value="amd64"/>
  </properties>
  <testcase name="Given user direct to the site" classname="| GL621185 | T@stpw120 | Welcome! THARA VIJI |" time="0.001"/>
  <testcase name="When user click on Login or Register button" classname="| GL621185 | T@stpw120 | Welcome! THARA VIJI |" time="0"/>
  <testcase name="And user enter a valid ID or email &quot;GL621185&quot;" classname="| GL621185 | T@stpw120 | Welcome! THARA VIJI |" time="0"/>
  <testcase name="And user enter a password &quot;T@stpw120&quot;" classname="| GL621185 | T@stpw120 | Welcome! THARA VIJI |" time="0"/>
  <testcase name="Then user click on login button" classname="| GL621185 | T@stpw120 | Welcome! THARA VIJI |" time="0"/>
  <testcase name="Then Validate the Auto Login &quot;Welcome! THARA VIJI&quot;" classname="| GL621185 | T@stpw120 | Welcome! THARA VIJI |" time="0"/>
  <testcase name="| GL621185 | T@stpw120 | Welcome! THARA VIJI |" classname="| GL621185 | T@stpw120 | Welcome! THARA VIJI |" time="6.356"/>
  <testcase name="Given user direct to the site" classname="| GC020046 | T@stpw120 | Welcome! THARA RETAIL |" time="0"/>
  <testcase name="When user click on Login or Register button" classname="| GC020046 | T@stpw120 | Welcome! THARA RETAIL |" time="0"/>
  <testcase name="And user enter a valid ID or email &quot;GC020046&quot;" classname="| GC020046 | T@stpw120 | Welcome! THARA RETAIL |" time="0"/>
  <testcase name="And user enter a password &quot;T@stpw120&quot;" classname="| GC020046 | T@stpw120 | Welcome! THARA RETAIL |" time="0"/>
  <testcase name="Then user click on login button" classname="| GC020046 | T@stpw120 | Welcome! THARA RETAIL |" time="0"/>
  <testcase name="Then Validate the Auto Login &quot;Welcome! THARA RETAIL&quot;" classname="| GC020046 | T@stpw120 | Welcome! THARA RETAIL |" time="0"/>
  <testcase name="| GC020046 | T@stpw120 | Welcome! THARA RETAIL |" classname="| GC020046 | T@stpw120 | Welcome! THARA RETAIL |" time="5.708"/>
  <testcase name="Given user direct to the site" classname="| GL621185 | Individual | Mr | test | vikas | 1988 | 05 | 12 | English | 94778186251 | Test@135 | Test@135 | test | test | 0000 | MBSL - Savings Bank | Galle | 1596325874 | TESTLKR0000131 | PRDECT | Welcome! TEST VIKAS | anidu@vikas.lk |" time="0"/>
  <testcase name="When user click on Login or Register button" classname="| GL621185 | Individual | Mr | test | vikas | 1988 | 05 | 12 | English | 94778186251 | Test@135 | Test@135 | test | test | 0000 | MBSL - Savings Bank | Galle | 1596325874 | TESTLKR0000131 | PRDECT | Welcome! TEST VIKAS | anidu@vikas.lk |" time="0"/>
  <testcase name="And user click on become a Bus Asso" classname="| GL621185 | Individual | Mr | test | vikas | 1988 | 05 | 12 | English | 94778186251 | Test@135 | Test@135 | test | test | 0000 | MBSL - Savings Bank | Galle | 1596325874 | TESTLKR0000131 | PRDECT | Welcome! TEST VIKAS | anidu@vikas.lk |" time="0"/>
  <testcase name="And user select registration type &quot;Individual&quot;" classname="| GL621185 | Individual | Mr | test | vikas | 1988 | 05 | 12 | English | 94778186251 | Test@135 | Test@135 | test | test | 0000 | MBSL - Savings Bank | Galle | 1596325874 | TESTLKR0000131 | PRDECT | Welcome! TEST VIKAS | anidu@vikas.lk |" time="0"/>
  <testcase name="And user enter referrer ir id &quot;GL621185&quot;" classname="| GL621185 | Individual | Mr | test | vikas | 1988 | 05 | 12 | English | 94778186251 | Test@135 | Test@135 | test | test | 0000 | MBSL - Savings Bank | Galle | 1596325874 | TESTLKR0000131 | PRDECT | Welcome! TEST VIKAS | anidu@vikas.lk |" time="0"/>
  <testcase name="And user enter name &quot;Mr&quot; &quot;test&quot; &quot;vikas&quot;" classname="| GL621185 | Individual | Mr | test | vikas | 1988 | 05 | 12 | English | 94778186251 | Test@135 | Test@135 | test | test | 0000 | MBSL - Savings Bank | Galle | 1596325874 | TESTLKR0000131 | PRDECT | Welcome! TEST VIKAS | anidu@vikas.lk |" time="0"/>
  <testcase name="And user select date of birth &quot;1988&quot; &quot;05&quot; &quot;12&quot;" classname="| GL621185 | Individual | Mr | test | vikas | 1988 | 05 | 12 | English | 94778186251 | Test@135 | Test@135 | test | test | 0000 | MBSL - Savings Bank | Galle | 1596325874 | TESTLKR0000131 | PRDECT | Welcome! TEST VIKAS | anidu@vikas.lk |" time="0"/>
  <testcase name="And user select language &quot;English&quot;" classname="| GL621185 | Individual | Mr | test | vikas | 1988 | 05 | 12 | English | 94778186251 | Test@135 | Test@135 | test | test | 0000 | MBSL - Savings Bank | Galle | 1596325874 | TESTLKR0000131 | PRDECT | Welcome! TEST VIKAS | anidu@vikas.lk |" time="0"/>
  <testcase name="And user enter mobile phone no &quot;94778186251&quot;" classname="| GL621185 | Individual | Mr | test | vikas | 1988 | 05 | 12 | English | 94778186251 | Test@135 | Test@135 | test | test | 0000 | MBSL - Savings Bank | Galle | 1596325874 | TESTLKR0000131 | PRDECT | Welcome! TEST VIKAS | anidu@vikas.lk |" time="0"/>
  <testcase name="And user enter PWD &quot;Test@135&quot; &quot;Test@135&quot;" classname="| GL621185 | Individual | Mr | test | vikas | 1988 | 05 | 12 | English | 94778186251 | Test@135 | Test@135 | test | test | 0000 | MBSL - Savings Bank | Galle | 1596325874 | TESTLKR0000131 | PRDECT | Welcome! TEST VIKAS | anidu@vikas.lk |" time="0"/>
  <testcase name="And user enter Address &quot;test&quot; &quot;test&quot; &quot;0000&quot;" classname="| GL621185 | Individual | Mr | test | vikas | 1988 | 05 | 12 | English | 94778186251 | Test@135 | Test@135 | test | test | 0000 | MBSL - Savings Bank | Galle | 1596325874 | TESTLKR0000131 | PRDECT | Welcome! TEST VIKAS | anidu@vikas.lk |" time="0"/>
  <testcase name="And user enter bank details &quot;MBSL - Savings Bank&quot; &quot;Galle&quot; &quot;1596325874&quot; &quot;anidu@vikas.lk&quot;" classname="| GL621185 | Individual | Mr | test | vikas | 1988 | 05 | 12 | English | 94778186251 | Test@135 | Test@135 | test | test | 0000 | MBSL - Savings Bank | Galle | 1596325874 | TESTLKR0000131 | PRDECT | Welcome! TEST VIKAS | anidu@vikas.lk |" time="0"/>
  <testcase name="Then Accept terms" classname="| GL621185 | Individual | Mr | test | vikas | 1988 | 05 | 12 | English | 94778186251 | Test@135 | Test@135 | test | test | 0000 | MBSL - Savings Bank | Galle | 1596325874 | TESTLKR0000131 | PRDECT | Welcome! TEST VIKAS | anidu@vikas.lk |" time="0"/>
  <testcase name="And Enter ecard details and validate &quot;TESTLKR0000131&quot; &quot;PRDECT&quot;" classname="| GL621185 | Individual | Mr | test | vikas | 1988 | 05 | 12 | English | 94778186251 | Test@135 | Test@135 | test | test | 0000 | MBSL - Savings Bank | Galle | 1596325874 | TESTLKR0000131 | PRDECT | Welcome! TEST VIKAS | anidu@vikas.lk |" time="0"/>
  <testcase name="And Click on confirm button" classname="| GL621185 | Individual | Mr | test | vikas | 1988 | 05 | 12 | English | 94778186251 | Test@135 | Test@135 | test | test | 0000 | MBSL - Savings Bank | Galle | 1596325874 | TESTLKR0000131 | PRDECT | Welcome! TEST VIKAS | anidu@vikas.lk |" time="0"/>
  <testcase name="Then Validate the Auto Login &quot;Welcome! TEST VIKAS&quot;" classname="| GL621185 | Individual | Mr | test | vikas | 1988 | 05 | 12 | English | 94778186251 | Test@135 | Test@135 | test | test | 0000 | MBSL - Savings Bank | Galle | 1596325874 | TESTLKR0000131 | PRDECT | Welcome! TEST VIKAS | anidu@vikas.lk |" time="0"/>
  <testcase name="| GL621185 | Individual | Mr | test | vikas | 1988 | 05 | 12 | English | 94778186251 | Test@135 | Test@135 | test | test | 0000 | MBSL - Savings Bank | Galle | 1596325874 | TESTLKR0000131 | PRDECT | Welcome! TEST VIKAS | anidu@vikas.lk |" classname="| GL621185 | Individual | Mr | test | vikas | 1988 | 05 | 12 | English | 94778186251 | Test@135 | Test@135 | test | test | 0000 | MBSL - Savings Bank | Galle | 1596325874 | TESTLKR0000131 | PRDECT | Welcome! TEST VIKAS | anidu@vikas.lk |" time="3.588"/>
  <testcase name="Given user direct to the site" classname="| GL621185 | Company | Test Company | test | test | English | 94775841725 | Test@135 | Test@135 | test | test | 0000 | MBSL - Savings Bank | Galle | 1596325874 | TESTLKR0000132 | PRDECT | Welcome! TEST COMPANY | osura@vikas.lk |" time="0"/>
  <testcase name="When user click on Login or Register button" classname="| GL621185 | Company | Test Company | test | test | English | 94775841725 | Test@135 | Test@135 | test | test | 0000 | MBSL - Savings Bank | Galle | 1596325874 | TESTLKR0000132 | PRDECT | Welcome! TEST COMPANY | osura@vikas.lk |" time="0"/>
  <testcase name="And user click on become a Bus Asso" classname="| GL621185 | Company | Test Company | test | test | English | 94775841725 | Test@135 | Test@135 | test | test | 0000 | MBSL - Savings Bank | Galle | 1596325874 | TESTLKR0000132 | PRDECT | Welcome! TEST COMPANY | osura@vikas.lk |" time="0"/>
  <testcase name="And user select registration type &quot;Company&quot;" classname="| GL621185 | Company | Test Company | test | test | English | 94775841725 | Test@135 | Test@135 | test | test | 0000 | MBSL - Savings Bank | Galle | 1596325874 | TESTLKR0000132 | PRDECT | Welcome! TEST COMPANY | osura@vikas.lk |" time="0"/>
  <testcase name="And user enter referrer ir id &quot;GL621185&quot;" classname="| GL621185 | Company | Test Company | test | test | English | 94775841725 | Test@135 | Test@135 | test | test | 0000 | MBSL - Savings Bank | Galle | 1596325874 | TESTLKR0000132 | PRDECT | Welcome! TEST COMPANY | osura@vikas.lk |" time="0"/>
  <testcase name="And user enter conpany details &quot;Test Company&quot; &quot;test&quot; &quot;test&quot;" classname="| GL621185 | Company | Test Company | test | test | English | 94775841725 | Test@135 | Test@135 | test | test | 0000 | MBSL - Savings Bank | Galle | 1596325874 | TESTLKR0000132 | PRDECT | Welcome! TEST COMPANY | osura@vikas.lk |" time="0.002"/>
  <testcase name="And user select language &quot;English&quot;" classname="| GL621185 | Company | Test Company | test | test | English | 94775841725 | Test@135 | Test@135 | test | test | 0000 | MBSL - Savings Bank | Galle | 1596325874 | TESTLKR0000132 | PRDECT | Welcome! TEST COMPANY | osura@vikas.lk |" time="0"/>
  <testcase name="And user enter mobile phone no &quot;94775841725&quot;" classname="| GL621185 | Company | Test Company | test | test | English | 94775841725 | Test@135 | Test@135 | test | test | 0000 | MBSL - Savings Bank | Galle | 1596325874 | TESTLKR0000132 | PRDECT | Welcome! TEST COMPANY | osura@vikas.lk |" time="0"/>
  <testcase name="And user enter PWD &quot;Test@135&quot; &quot;Test@135&quot;" classname="| GL621185 | Company | Test Company | test | test | English | 94775841725 | Test@135 | Test@135 | test | test | 0000 | MBSL - Savings Bank | Galle | 1596325874 | TESTLKR0000132 | PRDECT | Welcome! TEST COMPANY | osura@vikas.lk |" time="0"/>
  <testcase name="And user enter Address &quot;test&quot; &quot;test&quot; &quot;0000&quot;" classname="| GL621185 | Company | Test Company | test | test | English | 94775841725 | Test@135 | Test@135 | test | test | 0000 | MBSL - Savings Bank | Galle | 1596325874 | TESTLKR0000132 | PRDECT | Welcome! TEST COMPANY | osura@vikas.lk |" time="0"/>
  <testcase name="And user enter bank details &quot;MBSL - Savings Bank&quot; &quot;Galle&quot; &quot;1596325874&quot; &quot;osura@vikas.lk&quot;" classname="| GL621185 | Company | Test Company | test | test | English | 94775841725 | Test@135 | Test@135 | test | test | 0000 | MBSL - Savings Bank | Galle | 1596325874 | TESTLKR0000132 | PRDECT | Welcome! TEST COMPANY | osura@vikas.lk |" time="0.015"/>
  <testcase name="Then Accept terms" classname="| GL621185 | Company | Test Company | test | test | English | 94775841725 | Test@135 | Test@135 | test | test | 0000 | MBSL - Savings Bank | Galle | 1596325874 | TESTLKR0000132 | PRDECT | Welcome! TEST COMPANY | osura@vikas.lk |" time="0"/>
  <testcase name="And Enter ecard details and validate two &quot;TESTLKR0000132&quot; &quot;PRDECT&quot;" classname="| GL621185 | Company | Test Company | test | test | English | 94775841725 | Test@135 | Test@135 | test | test | 0000 | MBSL - Savings Bank | Galle | 1596325874 | TESTLKR0000132 | PRDECT | Welcome! TEST COMPANY | osura@vikas.lk |" time="0.006"/>
  <testcase name="And Click on confirm button" classname="| GL621185 | Company | Test Company | test | test | English | 94775841725 | Test@135 | Test@135 | test | test | 0000 | MBSL - Savings Bank | Galle | 1596325874 | TESTLKR0000132 | PRDECT | Welcome! TEST COMPANY | osura@vikas.lk |" time="0"/>
  <testcase name="Then Validate the Auto Login &quot;Welcome! TEST COMPANY&quot;" classname="| GL621185 | Company | Test Company | test | test | English | 94775841725 | Test@135 | Test@135 | test | test | 0000 | MBSL - Savings Bank | Galle | 1596325874 | TESTLKR0000132 | PRDECT | Welcome! TEST COMPANY | osura@vikas.lk |" time="0"/>
  <testcase name="| GL621185 | Company | Test Company | test | test | English | 94775841725 | Test@135 | Test@135 | test | test | 0000 | MBSL - Savings Bank | Galle | 1596325874 | TESTLKR0000132 | PRDECT | Welcome! TEST COMPANY | osura@vikas.lk |" classname="| GL621185 | Company | Test Company | test | test | English | 94775841725 | Test@135 | Test@135 | test | test | 0000 | MBSL - Savings Bank | Galle | 1596325874 | TESTLKR0000132 | PRDECT | Welcome! TEST COMPANY | osura@vikas.lk |" time="3.066"/>
  <testcase name="Given user direct to the site" classname="| GL621185 | Mr | test | vikasRC | 1988 | 05 | 12 | English | 94775877588 | Test@135 | Test@135 | test | test | 0000 | Welcome! TEST VIKASRC | osura2@vikas.lk |" time="0"/>
  <testcase name="When user click on Login or Register button" classname="| GL621185 | Mr | test | vikasRC | 1988 | 05 | 12 | English | 94775877588 | Test@135 | Test@135 | test | test | 0000 | Welcome! TEST VIKASRC | osura2@vikas.lk |" time="0"/>
  <testcase name="And user click on become a Retail Customer" classname="| GL621185 | Mr | test | vikasRC | 1988 | 05 | 12 | English | 94775877588 | Test@135 | Test@135 | test | test | 0000 | Welcome! TEST VIKASRC | osura2@vikas.lk |" time="0"/>
  <testcase name="And user enter referrer ir id &quot;GL621185&quot;" classname="| GL621185 | Mr | test | vikasRC | 1988 | 05 | 12 | English | 94775877588 | Test@135 | Test@135 | test | test | 0000 | Welcome! TEST VIKASRC | osura2@vikas.lk |" time="0"/>
  <testcase name="And user enter name &quot;Mr&quot; &quot;test&quot; &quot;vikasRC&quot;" classname="| GL621185 | Mr | test | vikasRC | 1988 | 05 | 12 | English | 94775877588 | Test@135 | Test@135 | test | test | 0000 | Welcome! TEST VIKASRC | osura2@vikas.lk |" time="0"/>
  <testcase name="And user select date of birth &quot;1988&quot; &quot;05&quot; &quot;12&quot;" classname="| GL621185 | Mr | test | vikasRC | 1988 | 05 | 12 | English | 94775877588 | Test@135 | Test@135 | test | test | 0000 | Welcome! TEST VIKASRC | osura2@vikas.lk |" time="0"/>
  <testcase name="And enter email &quot;osura2@vikas.lk&quot;" classname="| GL621185 | Mr | test | vikasRC | 1988 | 05 | 12 | English | 94775877588 | Test@135 | Test@135 | test | test | 0000 | Welcome! TEST VIKASRC | osura2@vikas.lk |" time="0"/>
  <testcase name="And user select language &quot;English&quot;" classname="| GL621185 | Mr | test | vikasRC | 1988 | 05 | 12 | English | 94775877588 | Test@135 | Test@135 | test | test | 0000 | Welcome! TEST VIKASRC | osura2@vikas.lk |" time="0"/>
  <testcase name="And user enter mobile phone no &quot;94775877588&quot;" classname="| GL621185 | Mr | test | vikasRC | 1988 | 05 | 12 | English | 94775877588 | Test@135 | Test@135 | test | test | 0000 | Welcome! TEST VIKASRC | osura2@vikas.lk |" time="0"/>
  <testcase name="And user enter PWD &quot;Test@135&quot; &quot;Test@135&quot;" classname="| GL621185 | Mr | test | vikasRC | 1988 | 05 | 12 | English | 94775877588 | Test@135 | Test@135 | test | test | 0000 | Welcome! TEST VIKASRC | osura2@vikas.lk |" time="0"/>
  <testcase name="And user enter Address &quot;test&quot; &quot;test&quot; &quot;0000&quot;" classname="| GL621185 | Mr | test | vikasRC | 1988 | 05 | 12 | English | 94775877588 | Test@135 | Test@135 | test | test | 0000 | Welcome! TEST VIKASRC | osura2@vikas.lk |" time="0"/>
  <testcase name="And click continue btn" classname="| GL621185 | Mr | test | vikasRC | 1988 | 05 | 12 | English | 94775877588 | Test@135 | Test@135 | test | test | 0000 | Welcome! TEST VIKASRC | osura2@vikas.lk |" time="0"/>
  <testcase name="Then Accept terms" classname="| GL621185 | Mr | test | vikasRC | 1988 | 05 | 12 | English | 94775877588 | Test@135 | Test@135 | test | test | 0000 | Welcome! TEST VIKASRC | osura2@vikas.lk |" time="0"/>
  <testcase name="Then Validate the Auto Login &quot;Welcome! TEST VIKASRC&quot;" classname="| GL621185 | Mr | test | vikasRC | 1988 | 05 | 12 | English | 94775877588 | Test@135 | Test@135 | test | test | 0000 | Welcome! TEST VIKASRC | osura2@vikas.lk |" time="0"/>
  <testcase name="| GL621185 | Mr | test | vikasRC | 1988 | 05 | 12 | English | 94775877588 | Test@135 | Test@135 | test | test | 0000 | Welcome! TEST VIKASRC | osura2@vikas.lk |" classname="| GL621185 | Mr | test | vikasRC | 1988 | 05 | 12 | English | 94775877588 | Test@135 | Test@135 | test | test | 0000 | Welcome! TEST VIKASRC | osura2@vikas.lk |" time="1.434"/>
  <testcase name="Given user direct to the site" classname="| GL621185 |" time="0"/>
  <testcase name="When user click on Login or Register button" classname="| GL621185 |" time="0"/>
  <testcase name="And user click on forgot pwd" classname="| GL621185 |" time="0"/>
  <testcase name="And user enter customer IR ID &quot;GL621185&quot;" classname="| GL621185 |" time="0"/>
  <testcase name="And click on submit button" classname="| GL621185 |" time="0"/>
  <testcase name="Then Click on countinue button" classname="| GL621185 |" time="0"/>
  <testcase name="And Click on Ok button on popup" classname="| GL621185 |" time="0"/>
  <testcase name="| GL621185 |" classname="| GL621185 |" time="2.235"/>
  <testcase name="Given user direct to the site" classname="| GL617795 | testpw | Global Lifestyle Lanka Head Office | TESTLKR0000134 | PRDECT | Welcome! RUFA | TESTLKR0000133 | PRDECT |" time="0"/>
  <testcase name="When user click on Login or Register button" classname="| GL617795 | testpw | Global Lifestyle Lanka Head Office | TESTLKR0000134 | PRDECT | Welcome! RUFA | TESTLKR0000133 | PRDECT |" time="0"/>
  <testcase name="And user enter valid credentials &quot;GL617795&quot; &quot;testpw&quot;" classname="| GL617795 | testpw | Global Lifestyle Lanka Head Office | TESTLKR0000134 | PRDECT | Welcome! RUFA | TESTLKR0000133 | PRDECT |" time="0"/>
  <testcase name="And user click on products tab" classname="| GL617795 | testpw | Global Lifestyle Lanka Head Office | TESTLKR0000134 | PRDECT | Welcome! RUFA | TESTLKR0000133 | PRDECT |" time="0"/>
  <testcase name="And user click on products link" classname="| GL617795 | testpw | Global Lifestyle Lanka Head Office | TESTLKR0000134 | PRDECT | Welcome! RUFA | TESTLKR0000133 | PRDECT |" time="0"/>
  <testcase name="And user add products to the cart" classname="| GL617795 | testpw | Global Lifestyle Lanka Head Office | TESTLKR0000134 | PRDECT | Welcome! RUFA | TESTLKR0000133 | PRDECT |" time="0"/>
  <testcase name="And user click on shopping cart" classname="| GL617795 | testpw | Global Lifestyle Lanka Head Office | TESTLKR0000134 | PRDECT | Welcome! RUFA | TESTLKR0000133 | PRDECT |" time="0"/>
  <testcase name="And user click on checkout button" classname="| GL617795 | testpw | Global Lifestyle Lanka Head Office | TESTLKR0000134 | PRDECT | Welcome! RUFA | TESTLKR0000133 | PRDECT |" time="0"/>
  <testcase name="And select delivery option and click checkout &quot;Global Lifestyle Lanka Head Office&quot;" classname="| GL617795 | testpw | Global Lifestyle Lanka Head Office | TESTLKR0000134 | PRDECT | Welcome! RUFA | TESTLKR0000133 | PRDECT |" time="0"/>
  <testcase name="And User distribute the BVs and click on countinue" classname="| GL617795 | testpw | Global Lifestyle Lanka Head Office | TESTLKR0000134 | PRDECT | Welcome! RUFA | TESTLKR0000133 | PRDECT |" time="0"/>
  <testcase name="And Enter ecard details &quot;TESTLKR0000134&quot; &quot;PRDECT&quot;" classname="| GL617795 | testpw | Global Lifestyle Lanka Head Office | TESTLKR0000134 | PRDECT | Welcome! RUFA | TESTLKR0000133 | PRDECT |" time="0.013">
    <error message="Timed out after 5 seconds. Element not available&#10;Build info: version: &apos;2.53.1&apos;, revision: &apos;a36b8b1cd5757287168e54b817830adce9b0158d&apos;, time: &apos;2016-06-30 19:26:09&apos;&#10;System info: host: &apos;OsuraLiyanage&apos;, ip: &apos;192.168.1.6&apos;, os.name: &apos;Windows 7&apos;, os.arch: &apos;amd64&apos;, os.version: &apos;6.1&apos;, java.version: &apos;1.8.0_111&apos;&#10;Driver info: driver.version: unknown" type="org.openqa.selenium.ElementNotVisibleException">org.openqa.selenium.ElementNotVisibleException: Timed out after 5 seconds. Element not available
Build info: version: '2.53.1', revision: 'a36b8b1cd5757287168e54b817830adce9b0158d', time: '2016-06-30 19:26:09'
System info: host: 'OsuraLiyanage', ip: '192.168.1.6', os.name: 'Windows 7', os.arch: 'amd64', os.version: '6.1', java.version: '1.8.0_111'
Driver info: driver.version: unknown
	at net.thucydides.core.annotations.locators.SmartAjaxElementLocator.ajaxFindElement(SmartAjaxElementLocator.java:147)
	at net.thucydides.core.annotations.locators.SmartAjaxElementLocator.findElement(SmartAjaxElementLocator.java:102)
	at org.openqa.selenium.support.pagefactory.internal.LocatingElementHandler.invoke(LocatingElementHandler.java:38)
	at com.sun.proxy.$Proxy22.sendKeys(Unknown Source)
	at net.gll.pgobjects.gll.pgobjects.RegistrationPgObjects.enterGLVoucherNum2(RegistrationPgObjects.java:239)
	at net.gll.test.gll.test.steps.Gllsteps.enter_ecard_details(Gllsteps.java:360)
	at ✽.And Enter ecard details "TESTLKR0000134" "PRDECT"(GLL.feature:112)
</error>
  </testcase>
  <testcase name="| GL617795 | testpw | Global Lifestyle Lanka Head Office | TESTLKR0000134 | PRDECT | Welcome! RUFA | TESTLKR0000133 | PRDECT |" classname="| GL617795 | testpw | Global Lifestyle Lanka Head Office | TESTLKR0000134 | PRDECT | Welcome! RUFA | TESTLKR0000133 | PRDECT |" time="0.013">
    <error message="Timed out after 5 seconds. Element not available&#10;Build info: version: &apos;2.53.1&apos;, revision: &apos;a36b8b1cd5757287168e54b817830adce9b0158d&apos;, time: &apos;2016-06-30 19:26:09&apos;&#10;System info: host: &apos;OsuraLiyanage&apos;, ip: &apos;192.168.1.6&apos;, os.name: &apos;Windows 7&apos;, os.arch: &apos;amd64&apos;, os.version: &apos;6.1&apos;, java.version: &apos;1.8.0_111&apos;&#10;Driver info: driver.version: unknown" type="org.openqa.selenium.ElementNotVisibleException">org.openqa.selenium.ElementNotVisibleException: Timed out after 5 seconds. Element not available
Build info: version: '2.53.1', revision: 'a36b8b1cd5757287168e54b817830adce9b0158d', time: '2016-06-30 19:26:09'
System info: host: 'OsuraLiyanage', ip: '192.168.1.6', os.name: 'Windows 7', os.arch: 'amd64', os.version: '6.1', java.version: '1.8.0_111'
Driver info: driver.version: unknown
	at net.thucydides.core.annotations.locators.SmartAjaxElementLocator.ajaxFindElement(SmartAjaxElementLocator.java:147)
	at net.thucydides.core.annotations.locators.SmartAjaxElementLocator.findElement(SmartAjaxElementLocator.java:102)
	at org.openqa.selenium.support.pagefactory.internal.LocatingElementHandler.invoke(LocatingElementHandler.java:38)
	at com.sun.proxy.$Proxy22.sendKeys(Unknown Source)
	at net.gll.pgobjects.gll.pgobjects.RegistrationPgObjects.enterGLVoucherNum2(RegistrationPgObjects.java:239)
	at net.gll.test.gll.test.steps.Gllsteps.enter_ecard_details(Gllsteps.java:360)
	at ✽.And Enter ecard details "TESTLKR0000134" "PRDECT"(GLL.feature:112)
</error>
  </testcase>
  <testcase name="And Enter Ecard two &quot;TESTLKR0000133&quot; &quot;PRDECT&quot;" classname="| GL617795 | testpw | Global Lifestyle Lanka Head Office | TESTLKR0000134 | PRDECT | Welcome! RUFA | TESTLKR0000133 | PRDECT |" time="0">
    <skipped/>
  </testcase>
  <testcase name="And Click on confirm button2" classname="| GL617795 | testpw | Global Lifestyle Lanka Head Office | TESTLKR0000134 | PRDECT | Welcome! RUFA | TESTLKR0000133 | PRDECT |" time="0">
    <skipped/>
  </testcase>
  <testcase name="Then Validate the Auto Login &quot;Welcome! RUFA&quot;" classname="| GL617795 | testpw | Global Lifestyle Lanka Head Office | TESTLKR0000134 | PRDECT | Welcome! RUFA | TESTLKR0000133 | PRDECT |" time="0">
    <skipped/>
  </testcase>
  <testcase name="Given user direct to the site" classname="| GL617795 | testpw | Global Lifestyle Lanka Head Office | TESTLKR0000146 | PRDECT | Welcome! RUFA | TESTLKR0000135 | PRDECT |" time="0"/>
  <testcase name="When user click on Login or Register button" classname="| GL617795 | testpw | Global Lifestyle Lanka Head Office | TESTLKR0000146 | PRDECT | Welcome! RUFA | TESTLKR0000135 | PRDECT |" time="0"/>
  <testcase name="And user enter valid credentials &quot;GL617795&quot; &quot;testpw&quot;" classname="| GL617795 | testpw | Global Lifestyle Lanka Head Office | TESTLKR0000146 | PRDECT | Welcome! RUFA | TESTLKR0000135 | PRDECT |" time="0"/>
  <testcase name="And user click on products tab" classname="| GL617795 | testpw | Global Lifestyle Lanka Head Office | TESTLKR0000146 | PRDECT | Welcome! RUFA | TESTLKR0000135 | PRDECT |" time="0"/>
  <testcase name="And user click on products link" classname="| GL617795 | testpw | Global Lifestyle Lanka Head Office | TESTLKR0000146 | PRDECT | Welcome! RUFA | TESTLKR0000135 | PRDECT |" time="0"/>
  <testcase name="And user add products to the cart" classname="| GL617795 | testpw | Global Lifestyle Lanka Head Office | TESTLKR0000146 | PRDECT | Welcome! RUFA | TESTLKR0000135 | PRDECT |" time="0.001"/>
  <testcase name="And user click on shopping cart" classname="| GL617795 | testpw | Global Lifestyle Lanka Head Office | TESTLKR0000146 | PRDECT | Welcome! RUFA | TESTLKR0000135 | PRDECT |" time="0"/>
  <testcase name="And user click on checkout button" classname="| GL617795 | testpw | Global Lifestyle Lanka Head Office | TESTLKR0000146 | PRDECT | Welcome! RUFA | TESTLKR0000135 | PRDECT |" time="0"/>
  <testcase name="And select delivery option and click checkout &quot;Global Lifestyle Lanka Head Office&quot;" classname="| GL617795 | testpw | Global Lifestyle Lanka Head Office | TESTLKR0000146 | PRDECT | Welcome! RUFA | TESTLKR0000135 | PRDECT |" time="0"/>
  <testcase name="And User distribute the BVs and click on countinue" classname="| GL617795 | testpw | Global Lifestyle Lanka Head Office | TESTLKR0000146 | PRDECT | Welcome! RUFA | TESTLKR0000135 | PRDECT |" time="0"/>
  <testcase name="And Enter ecard details &quot;TESTLKR0000146&quot; &quot;PRDECT&quot;" classname="| GL617795 | testpw | Global Lifestyle Lanka Head Office | TESTLKR0000146 | PRDECT | Welcome! RUFA | TESTLKR0000135 | PRDECT |" time="0.002">
    <error message="Timed out after 5 seconds. Element not available&#10;Build info: version: &apos;2.53.1&apos;, revision: &apos;a36b8b1cd5757287168e54b817830adce9b0158d&apos;, time: &apos;2016-06-30 19:26:09&apos;&#10;System info: host: &apos;OsuraLiyanage&apos;, ip: &apos;192.168.1.6&apos;, os.name: &apos;Windows 7&apos;, os.arch: &apos;amd64&apos;, os.version: &apos;6.1&apos;, java.version: &apos;1.8.0_111&apos;&#10;Driver info: driver.version: unknown" type="org.openqa.selenium.ElementNotVisibleException">org.openqa.selenium.ElementNotVisibleException: Timed out after 5 seconds. Element not available
Build info: version: '2.53.1', revision: 'a36b8b1cd5757287168e54b817830adce9b0158d', time: '2016-06-30 19:26:09'
System info: host: 'OsuraLiyanage', ip: '192.168.1.6', os.name: 'Windows 7', os.arch: 'amd64', os.version: '6.1', java.version: '1.8.0_111'
Driver info: driver.version: unknown
	at net.thucydides.core.annotations.locators.SmartAjaxElementLocator.ajaxFindElement(SmartAjaxElementLocator.java:147)
	at net.thucydides.core.annotations.locators.SmartAjaxElementLocator.findElement(SmartAjaxElementLocator.java:102)
	at org.openqa.selenium.support.pagefactory.internal.LocatingElementHandler.invoke(LocatingElementHandler.java:38)
	at com.sun.proxy.$Proxy22.sendKeys(Unknown Source)
	at net.gll.pgobjects.gll.pgobjects.RegistrationPgObjects.enterGLVoucherNum2(RegistrationPgObjects.java:239)
	at net.gll.test.gll.test.steps.Gllsteps.enter_ecard_details(Gllsteps.java:360)
	at ✽.And Enter ecard details "TESTLKR0000146" "PRDECT"(GLL.feature:134)
</error>
  </testcase>
  <testcase name="| GL617795 | testpw | Global Lifestyle Lanka Head Office | TESTLKR0000146 | PRDECT | Welcome! RUFA | TESTLKR0000135 | PRDECT |" classname="| GL617795 | testpw | Global Lifestyle Lanka Head Office | TESTLKR0000146 | PRDECT | Welcome! RUFA | TESTLKR0000135 | PRDECT |" time="0.003">
    <error message="Timed out after 5 seconds. Element not available&#10;Build info: version: &apos;2.53.1&apos;, revision: &apos;a36b8b1cd5757287168e54b817830adce9b0158d&apos;, time: &apos;2016-06-30 19:26:09&apos;&#10;System info: host: &apos;OsuraLiyanage&apos;, ip: &apos;192.168.1.6&apos;, os.name: &apos;Windows 7&apos;, os.arch: &apos;amd64&apos;, os.version: &apos;6.1&apos;, java.version: &apos;1.8.0_111&apos;&#10;Driver info: driver.version: unknown" type="org.openqa.selenium.ElementNotVisibleException">org.openqa.selenium.ElementNotVisibleException: Timed out after 5 seconds. Element not available
Build info: version: '2.53.1', revision: 'a36b8b1cd5757287168e54b817830adce9b0158d', time: '2016-06-30 19:26:09'
System info: host: 'OsuraLiyanage', ip: '192.168.1.6', os.name: 'Windows 7', os.arch: 'amd64', os.version: '6.1', java.version: '1.8.0_111'
Driver info: driver.version: unknown
	at net.thucydides.core.annotations.locators.SmartAjaxElementLocator.ajaxFindElement(SmartAjaxElementLocator.java:147)
	at net.thucydides.core.annotations.locators.SmartAjaxElementLocator.findElement(SmartAjaxElementLocator.java:102)
	at org.openqa.selenium.support.pagefactory.internal.LocatingElementHandler.invoke(LocatingElementHandler.java:38)
	at com.sun.proxy.$Proxy22.sendKeys(Unknown Source)
	at net.gll.pgobjects.gll.pgobjects.RegistrationPgObjects.enterGLVoucherNum2(RegistrationPgObjects.java:239)
	at net.gll.test.gll.test.steps.Gllsteps.enter_ecard_details(Gllsteps.java:360)
	at ✽.And Enter ecard details "TESTLKR0000146" "PRDECT"(GLL.feature:134)
</error>
  </testcase>
  <testcase name="And Enter Ecard two &quot;TESTLKR0000135&quot; &quot;PRDECT&quot;" classname="| GL617795 | testpw | Global Lifestyle Lanka Head Office | TESTLKR0000146 | PRDECT | Welcome! RUFA | TESTLKR0000135 | PRDECT |" time="0">
    <skipped/>
  </testcase>
  <testcase name="And Click on confirm button2" classname="| GL617795 | testpw | Global Lifestyle Lanka Head Office | TESTLKR0000146 | PRDECT | Welcome! RUFA | TESTLKR0000135 | PRDECT |" time="0">
    <skipped/>
  </testcase>
  <testcase name="Then Validate the Auto Login &quot;Welcome! RUFA&quot;" classname="| GL617795 | testpw | Global Lifestyle Lanka Head Office | TESTLKR0000146 | PRDECT | Welcome! RUFA | TESTLKR0000135 | PRDECT |" time="0">
    <skipped/>
  </testcase>
  <testcase name="Given user direct to the site" classname="| GL617795 |" time="0"/>
  <testcase name="When user click on Login or Register button" classname="| GL617795 |" time="0"/>
  <testcase name="And user click on forgot pwd" classname="| GL617795 |" time="0"/>
  <testcase name="And user enter customer IR ID &quot;GL617795&quot;" classname="| GL617795 |" time="0"/>
  <testcase name="And click on submit button" classname="| GL617795 |" time="0"/>
  <testcase name="Then Click on countinue button" classname="| GL617795 |" time="0"/>
  <testcase name="And Click on Ok button on popup" classname="| GL617795 |" time="0"/>
  <testcase name="| GL617795 |" classname="| GL617795 |" time="2.398"/>
  <testcase name="Given user direct to the site" classname="| GL617795 | Individual | Mr | test | vikass | 1988 | 06 | 12 | English | 94763557189 | Test@135 | Test@135 | test | test | 0000 | MBSL - Savings Bank | Galle | 1596325874 | TESTLKR0000146 | PRDECT | Welcome! TEST VIKASS | osura@vikas.lk | Global Lifestyle Lanka Head Office | TESTLKR0000147 | PRDECT |" time="0"/>
  <testcase name="And user click on products tab" classname="| GL617795 | Individual | Mr | test | vikass | 1988 | 06 | 12 | English | 94763557189 | Test@135 | Test@135 | test | test | 0000 | MBSL - Savings Bank | Galle | 1596325874 | TESTLKR0000146 | PRDECT | Welcome! TEST VIKASS | osura@vikas.lk | Global Lifestyle Lanka Head Office | TESTLKR0000147 | PRDECT |" time="0"/>
  <testcase name="And user click on products link" classname="| GL617795 | Individual | Mr | test | vikass | 1988 | 06 | 12 | English | 94763557189 | Test@135 | Test@135 | test | test | 0000 | MBSL - Savings Bank | Galle | 1596325874 | TESTLKR0000146 | PRDECT | Welcome! TEST VIKASS | osura@vikas.lk | Global Lifestyle Lanka Head Office | TESTLKR0000147 | PRDECT |" time="0"/>
  <testcase name="And user add products to the cart" classname="| GL617795 | Individual | Mr | test | vikass | 1988 | 06 | 12 | English | 94763557189 | Test@135 | Test@135 | test | test | 0000 | MBSL - Savings Bank | Galle | 1596325874 | TESTLKR0000146 | PRDECT | Welcome! TEST VIKASS | osura@vikas.lk | Global Lifestyle Lanka Head Office | TESTLKR0000147 | PRDECT |" time="0"/>
  <testcase name="And user click on shopping cart" classname="| GL617795 | Individual | Mr | test | vikass | 1988 | 06 | 12 | English | 94763557189 | Test@135 | Test@135 | test | test | 0000 | MBSL - Savings Bank | Galle | 1596325874 | TESTLKR0000146 | PRDECT | Welcome! TEST VIKASS | osura@vikas.lk | Global Lifestyle Lanka Head Office | TESTLKR0000147 | PRDECT |" time="0"/>
  <testcase name="And user click on checkout button" classname="| GL617795 | Individual | Mr | test | vikass | 1988 | 06 | 12 | English | 94763557189 | Test@135 | Test@135 | test | test | 0000 | MBSL - Savings Bank | Galle | 1596325874 | TESTLKR0000146 | PRDECT | Welcome! TEST VIKASS | osura@vikas.lk | Global Lifestyle Lanka Head Office | TESTLKR0000147 | PRDECT |" time="0"/>
  <testcase name="And user click on become a Bus Asso" classname="| GL617795 | Individual | Mr | test | vikass | 1988 | 06 | 12 | English | 94763557189 | Test@135 | Test@135 | test | test | 0000 | MBSL - Savings Bank | Galle | 1596325874 | TESTLKR0000146 | PRDECT | Welcome! TEST VIKASS | osura@vikas.lk | Global Lifestyle Lanka Head Office | TESTLKR0000147 | PRDECT |" time="0"/>
  <testcase name="And user select registration type &quot;Individual&quot;" classname="| GL617795 | Individual | Mr | test | vikass | 1988 | 06 | 12 | English | 94763557189 | Test@135 | Test@135 | test | test | 0000 | MBSL - Savings Bank | Galle | 1596325874 | TESTLKR0000146 | PRDECT | Welcome! TEST VIKASS | osura@vikas.lk | Global Lifestyle Lanka Head Office | TESTLKR0000147 | PRDECT |" time="0"/>
  <testcase name="And user enter referrer ir id &quot;GL617795&quot;" classname="| GL617795 | Individual | Mr | test | vikass | 1988 | 06 | 12 | English | 94763557189 | Test@135 | Test@135 | test | test | 0000 | MBSL - Savings Bank | Galle | 1596325874 | TESTLKR0000146 | PRDECT | Welcome! TEST VIKASS | osura@vikas.lk | Global Lifestyle Lanka Head Office | TESTLKR0000147 | PRDECT |" time="0"/>
  <testcase name="And user enter name &quot;Mr&quot; &quot;test&quot; &quot;vikass&quot;" classname="| GL617795 | Individual | Mr | test | vikass | 1988 | 06 | 12 | English | 94763557189 | Test@135 | Test@135 | test | test | 0000 | MBSL - Savings Bank | Galle | 1596325874 | TESTLKR0000146 | PRDECT | Welcome! TEST VIKASS | osura@vikas.lk | Global Lifestyle Lanka Head Office | TESTLKR0000147 | PRDECT |" time="0"/>
  <testcase name="And user select date of birth &quot;1988&quot; &quot;06&quot; &quot;12&quot;" classname="| GL617795 | Individual | Mr | test | vikass | 1988 | 06 | 12 | English | 94763557189 | Test@135 | Test@135 | test | test | 0000 | MBSL - Savings Bank | Galle | 1596325874 | TESTLKR0000146 | PRDECT | Welcome! TEST VIKASS | osura@vikas.lk | Global Lifestyle Lanka Head Office | TESTLKR0000147 | PRDECT |" time="0"/>
  <testcase name="And user select language &quot;English&quot;" classname="| GL617795 | Individual | Mr | test | vikass | 1988 | 06 | 12 | English | 94763557189 | Test@135 | Test@135 | test | test | 0000 | MBSL - Savings Bank | Galle | 1596325874 | TESTLKR0000146 | PRDECT | Welcome! TEST VIKASS | osura@vikas.lk | Global Lifestyle Lanka Head Office | TESTLKR0000147 | PRDECT |" time="0"/>
  <testcase name="And user enter mobile phone no &quot;94763557189&quot;" classname="| GL617795 | Individual | Mr | test | vikass | 1988 | 06 | 12 | English | 94763557189 | Test@135 | Test@135 | test | test | 0000 | MBSL - Savings Bank | Galle | 1596325874 | TESTLKR0000146 | PRDECT | Welcome! TEST VIKASS | osura@vikas.lk | Global Lifestyle Lanka Head Office | TESTLKR0000147 | PRDECT |" time="0"/>
  <testcase name="And user enter PWD &quot;Test@135&quot; &quot;Test@135&quot;" classname="| GL617795 | Individual | Mr | test | vikass | 1988 | 06 | 12 | English | 94763557189 | Test@135 | Test@135 | test | test | 0000 | MBSL - Savings Bank | Galle | 1596325874 | TESTLKR0000146 | PRDECT | Welcome! TEST VIKASS | osura@vikas.lk | Global Lifestyle Lanka Head Office | TESTLKR0000147 | PRDECT |" time="0"/>
  <testcase name="And user enter Address &quot;test&quot; &quot;test&quot; &quot;0000&quot;" classname="| GL617795 | Individual | Mr | test | vikass | 1988 | 06 | 12 | English | 94763557189 | Test@135 | Test@135 | test | test | 0000 | MBSL - Savings Bank | Galle | 1596325874 | TESTLKR0000146 | PRDECT | Welcome! TEST VIKASS | osura@vikas.lk | Global Lifestyle Lanka Head Office | TESTLKR0000147 | PRDECT |" time="0"/>
  <testcase name="And user enter bank details &quot;MBSL - Savings Bank&quot; &quot;Galle&quot; &quot;1596325874&quot; &quot;osura@vikas.lk&quot;" classname="| GL617795 | Individual | Mr | test | vikass | 1988 | 06 | 12 | English | 94763557189 | Test@135 | Test@135 | test | test | 0000 | MBSL - Savings Bank | Galle | 1596325874 | TESTLKR0000146 | PRDECT | Welcome! TEST VIKASS | osura@vikas.lk | Global Lifestyle Lanka Head Office | TESTLKR0000147 | PRDECT |" time="0"/>
  <testcase name="Then Accept terms" classname="| GL617795 | Individual | Mr | test | vikass | 1988 | 06 | 12 | English | 94763557189 | Test@135 | Test@135 | test | test | 0000 | MBSL - Savings Bank | Galle | 1596325874 | TESTLKR0000146 | PRDECT | Welcome! TEST VIKASS | osura@vikas.lk | Global Lifestyle Lanka Head Office | TESTLKR0000147 | PRDECT |" time="0"/>
  <testcase name="And select delivery option kit &quot;Global Lifestyle Lanka Head Office&quot;" classname="| GL617795 | Individual | Mr | test | vikass | 1988 | 06 | 12 | English | 94763557189 | Test@135 | Test@135 | test | test | 0000 | MBSL - Savings Bank | Galle | 1596325874 | TESTLKR0000146 | PRDECT | Welcome! TEST VIKASS | osura@vikas.lk | Global Lifestyle Lanka Head Office | TESTLKR0000147 | PRDECT |" time="0"/>
  <testcase name="And User distribute the BVs and click on countinue" classname="| GL617795 | Individual | Mr | test | vikass | 1988 | 06 | 12 | English | 94763557189 | Test@135 | Test@135 | test | test | 0000 | MBSL - Savings Bank | Galle | 1596325874 | TESTLKR0000146 | PRDECT | Welcome! TEST VIKASS | osura@vikas.lk | Global Lifestyle Lanka Head Office | TESTLKR0000147 | PRDECT |" time="0"/>
  <testcase name="And Enter ecard details &quot;TESTLKR0000146&quot; &quot;PRDECT&quot;" classname="| GL617795 | Individual | Mr | test | vikass | 1988 | 06 | 12 | English | 94763557189 | Test@135 | Test@135 | test | test | 0000 | MBSL - Savings Bank | Galle | 1596325874 | TESTLKR0000146 | PRDECT | Welcome! TEST VIKASS | osura@vikas.lk | Global Lifestyle Lanka Head Office | TESTLKR0000147 | PRDECT |" time="0"/>
  <testcase name="And Enter Ecard two &quot;TESTLKR0000147&quot; &quot;PRDECT&quot;" classname="| GL617795 | Individual | Mr | test | vikass | 1988 | 06 | 12 | English | 94763557189 | Test@135 | Test@135 | test | test | 0000 | MBSL - Savings Bank | Galle | 1596325874 | TESTLKR0000146 | PRDECT | Welcome! TEST VIKASS | osura@vikas.lk | Global Lifestyle Lanka Head Office | TESTLKR0000147 | PRDECT |" time="0"/>
  <testcase name="And Click on confirm button2" classname="| GL617795 | Individual | Mr | test | vikass | 1988 | 06 | 12 | English | 94763557189 | Test@135 | Test@135 | test | test | 0000 | MBSL - Savings Bank | Galle | 1596325874 | TESTLKR0000146 | PRDECT | Welcome! TEST VIKASS | osura@vikas.lk | Global Lifestyle Lanka Head Office | TESTLKR0000147 | PRDECT |" time="0"/>
  <testcase name="Then Validate the Auto Login &quot;Welcome! TEST VIKASS&quot;" classname="| GL617795 | Individual | Mr | test | vikass | 1988 | 06 | 12 | English | 94763557189 | Test@135 | Test@135 | test | test | 0000 | MBSL - Savings Bank | Galle | 1596325874 | TESTLKR0000146 | PRDECT | Welcome! TEST VIKASS | osura@vikas.lk | Global Lifestyle Lanka Head Office | TESTLKR0000147 | PRDECT |" time="0"/>
  <testcase name="| GL617795 | Individual | Mr | test | vikass | 1988 | 06 | 12 | English | 94763557189 | Test@135 | Test@135 | test | test | 0000 | MBSL - Savings Bank | Galle | 1596325874 | TESTLKR0000146 | PRDECT | Welcome! TEST VIKASS | osura@vikas.lk | Global Lifestyle Lanka Head Office | TESTLKR0000147 | PRDECT |" classname="| GL617795 | Individual | Mr | test | vikass | 1988 | 06 | 12 | English | 94763557189 | Test@135 | Test@135 | test | test | 0000 | MBSL - Savings Bank | Galle | 1596325874 | TESTLKR0000146 | PRDECT | Welcome! TEST VIKASS | osura@vikas.lk | Global Lifestyle Lanka Head Office | TESTLKR0000147 | PRDECT |" time="3.766"/>
  <testcase name="Given user direct to the site" classname="| GL617795 | testpw | https://portal.glifestyle.net/VO2GLL/#/DashBoard |" time="0"/>
  <testcase name="When user click on Login or Register button" classname="| GL617795 | testpw | https://portal.glifestyle.net/VO2GLL/#/DashBoard |" time="0"/>
  <testcase name="And user enter valid credentials &quot;GL617795&quot; &quot;testpw&quot;" classname="| GL617795 | testpw | https://portal.glifestyle.net/VO2GLL/#/DashBoard |" time="0.004"/>
  <testcase name="Then click on virtual office link" classname="| GL617795 | testpw | https://portal.glifestyle.net/VO2GLL/#/DashBoard |" time="0"/>
  <testcase name="And user direct to the VO page &quot;https://portal.glifestyle.net/VO2GLL/#/DashBoard&quot;" classname="| GL617795 | testpw | https://portal.glifestyle.net/VO2GLL/#/DashBoard |" time="0"/>
  <testcase name="| GL617795 | testpw | https://portal.glifestyle.net/VO2GLL/#/DashBoard |" classname="| GL617795 | testpw | https://portal.glifestyle.net/VO2GLL/#/DashBoard |" time="1.318"/>
</testsuite>